{
  "RSpec": {
    "coverage": {
      "/home/dev/find-event/spec/event_spec.rb": [
        1,
        null,
        1,
        5,
        null,
        1,
        1,
        1,
        null,
        null,
        1,
        1,
        null,
        null,
        1,
        1,
        null,
        null,
        1,
        1,
        null,
        null,
        null
      ],
      "/home/dev/find-event/lib/event.rb": [
        1,
        null,
        1,
        1,
        null,
        1,
        4,
        4,
        4,
        4,
        4,
        null,
        null,
        1,
        4,
        4,
        4,
        400,
        4,
        4,
        4,
        null,
        null,
        null,
        null,
        null
      ],
      "/home/dev/find-event/spec/grid_map_spec.rb": [
        1,
        null,
        1,
        2,
        null,
        1,
        1,
        null,
        null
      ],
      "/home/dev/find-event/lib/grid_map.rb": [
        1,
        null,
        1,
        null,
        1,
        1,
        1,
        null,
        null,
        1,
        1,
        21,
        441,
        441,
        null,
        null,
        null,
        null
      ],
      "/home/dev/find-event/spec/grid_square_spec.rb": [
        1,
        null,
        1,
        3,
        null,
        1,
        1,
        null,
        null,
        1,
        1,
        null,
        null,
        null
      ],
      "/home/dev/find-event/lib/grid_square.rb": [
        1,
        null,
        1,
        null,
        1,
        443,
        null,
        null,
        null
      ]
    },
    "timestamp": 1493937315
  }
}
