{
  "RSpec": {
    "coverage": {
      "/home/dev/find-event/spec/grid_map_spec.rb": [
        1,
        null,
        1,
        3,
        null,
        1,
        1,
        1,
        null,
        null,
        null,
        1,
        1,
        null,
        null,
        null
      ],
      "/home/dev/find-event/lib/grid_map.rb": [
        1,
        null,
        1,
        null,
        1,
        2,
        null,
        null
      ],
      "/home/dev/find-event/spec/grid_square_spec.rb": [
        1,
        null,
        1,
        3,
        null,
        1,
        1,
        null,
        null,
        1,
        1,
        null,
        null,
        null
      ],
      "/home/dev/find-event/lib/grid_square.rb": [
        1,
        null,
        1,
        null,
        1,
        2,
        null,
        null,
        null
      ]
    },
    "timestamp": 1493917314
  }
}
